Performing C SOURCE FILE Test CMAKE_HAVE_LIBC_PTHREAD failed with the following output:
Change Dir: /home/david/Documents/Tecnico/SecondQuarter/Robotics/Lab2/Robotics2/autonomous_fiat/build/CMakeFiles/CMakeTmp

Run Build Command(s):/usr/bin/make -f Makefile cmTC_2536a/fast && /usr/bin/make  -f CMakeFiles/cmTC_2536a.dir/build.make CMakeFiles/cmTC_2536a.dir/build
make[1]: Entering directory '/home/david/Documents/Tecnico/SecondQuarter/Robotics/Lab2/Robotics2/autonomous_fiat/build/CMakeFiles/CMakeTmp'
Building C object CMakeFiles/cmTC_2536a.dir/src.c.o
/usr/bin/cc -DCMAKE_HAVE_LIBC_PTHREAD   -o CMakeFiles/cmTC_2536a.dir/src.c.o -c /home/david/Documents/Tecnico/SecondQuarter/Robotics/Lab2/Robotics2/autonomous_fiat/build/CMakeFiles/CMakeTmp/src.c
Linking C executable cmTC_2536a
/usr/local/bin/cmake -E cmake_link_script CMakeFiles/cmTC_2536a.dir/link.txt --verbose=1
/usr/bin/cc -rdynamic CMakeFiles/cmTC_2536a.dir/src.c.o -o cmTC_2536a 
CMakeFiles/cmTC_2536a.dir/src.c.o: In function `main':
src.c:(.text+0x3e): undefined reference to `pthread_create'
src.c:(.text+0x4a): undefined reference to `pthread_detach'
src.c:(.text+0x56): undefined reference to `pthread_cancel'
src.c:(.text+0x67): undefined reference to `pthread_join'
src.c:(.text+0x7b): undefined reference to `pthread_atfork'
collect2: error: ld returned 1 exit status
CMakeFiles/cmTC_2536a.dir/build.make:98: recipe for target 'cmTC_2536a' failed
make[1]: *** [cmTC_2536a] Error 1
make[1]: Leaving directory '/home/david/Documents/Tecnico/SecondQuarter/Robotics/Lab2/Robotics2/autonomous_fiat/build/CMakeFiles/CMakeTmp'
Makefile:127: recipe for target 'cmTC_2536a/fast' failed
make: *** [cmTC_2536a/fast] Error 2


Source file was:
#include <pthread.h>

static void* test_func(void* data)
{
  return data;
}

int main(void)
{
  pthread_t thread;
  pthread_create(&thread, NULL, test_func, NULL);
  pthread_detach(thread);
  pthread_cancel(thread);
  pthread_join(thread, NULL);
  pthread_atfork(NULL, NULL, NULL);
  pthread_exit(NULL);

  return 0;
}

Determining if the function pthread_create exists in the pthreads failed with the following output:
Change Dir: /home/david/Documents/Tecnico/SecondQuarter/Robotics/Lab2/Robotics2/autonomous_fiat/build/CMakeFiles/CMakeTmp

Run Build Command(s):/usr/bin/make -f Makefile cmTC_878ad/fast && /usr/bin/make  -f CMakeFiles/cmTC_878ad.dir/build.make CMakeFiles/cmTC_878ad.dir/build
make[1]: Entering directory '/home/david/Documents/Tecnico/SecondQuarter/Robotics/Lab2/Robotics2/autonomous_fiat/build/CMakeFiles/CMakeTmp'
Building C object CMakeFiles/cmTC_878ad.dir/CheckFunctionExists.c.o
/usr/bin/cc   -DCHECK_FUNCTION_EXISTS=pthread_create -o CMakeFiles/cmTC_878ad.dir/CheckFunctionExists.c.o -c /usr/local/share/cmake-3.24/Modules/CheckFunctionExists.c
Linking C executable cmTC_878ad
/usr/local/bin/cmake -E cmake_link_script CMakeFiles/cmTC_878ad.dir/link.txt --verbose=1
/usr/bin/cc  -DCHECK_FUNCTION_EXISTS=pthread_create -rdynamic CMakeFiles/cmTC_878ad.dir/CheckFunctionExists.c.o -o cmTC_878ad  -lpthreads 
/usr/bin/ld: cannot find -lpthreads
collect2: error: ld returned 1 exit status
CMakeFiles/cmTC_878ad.dir/build.make:98: recipe for target 'cmTC_878ad' failed
make[1]: *** [cmTC_878ad] Error 1
make[1]: Leaving directory '/home/david/Documents/Tecnico/SecondQuarter/Robotics/Lab2/Robotics2/autonomous_fiat/build/CMakeFiles/CMakeTmp'
Makefile:127: recipe for target 'cmTC_878ad/fast' failed
make: *** [cmTC_878ad/fast] Error 2



